# JRE version: OpenJDK Runtime Environment (11.0.10) (build 11.0.10+0-b96-7249189)
# Java VM: OpenJDK 64-Bit Server VM (11.0.10+0-b96-7249189, mixed mode, tiered, compressed oops, g1 gc, windows-amd64)
Heap:
 garbage-first heap   total 712704K, used 192923K [0x0000000080000000, 0x0000000100000000)
  region size 1024K, 7 young (7168K), 7 survivors (7168K)
 Metaspace       used 156896K, capacity 162000K, committed 165504K, reserved 1193984K
  class space    used 18895K, capacity 20805K, committed 21888K, reserved 1048576K
GC Heap History (20 events):
Event: 18610.906 GC heap after
{Heap after GC invocations=199 (full 1):
 garbage-first heap   total 365568K, used 147065K [0x0000000080000000, 0x0000000100000000)
  region size 1024K, 9 young (9216K), 9 survivors (9216K)
 Metaspace       used 156705K, capacity 161839K, committed 165504K, reserved 1193984K
  class space    used 18904K, capacity 20823K, committed 21888K, reserved 1048576K
}
Event: 18611.508 GC heap before
{Heap before GC invocations=200 (full 1):
 garbage-first heap   total 365568K, used 276089K [0x0000000080000000, 0x0000000100000000)
  region size 1024K, 135 young (138240K), 9 survivors (9216K)
 Metaspace       used 156693K, capacity 161811K, committed 165504K, reserved 1193984K
  class space    used 18886K, capacity 20789K, committed 21888K, reserved 1048576K
}
Event: 18611.524 GC heap after
{Heap after GC invocations=201 (full 1):
 garbage-first heap   total 365568K, used 151719K [0x0000000080000000, 0x0000000100000000)
  region size 1024K, 13 young (13312K), 13 survivors (13312K)
 Metaspace       used 156693K, capacity 161811K, committed 165504K, reserved 1193984K
  class space    used 18886K, capacity 20789K, committed 21888K, reserved 1048576K
}
Event: 18611.885 GC heap before
{Heap before GC invocations=201 (full 1):
 garbage-first heap   total 365568K, used 282791K [0x0000000080000000, 0x0000000100000000)
  region size 1024K, 141 young (144384K), 13 survivors (13312K)
 Metaspace       used 156738K, capacity 161823K, committed 165504K, reserved 1193984K
  class space    used 18888K, capacity 20792K, committed 21888K, reserved 1048576K
}
Event: 18611.951 GC heap after
{Heap after GC invocations=202 (full 1):
 garbage-first heap   total 365568K, used 153854K [0x0000000080000000, 0x0000000100000000)
  region size 1024K, 9 young (9216K), 9 survivors (9216K)
 Metaspace       used 156738K, capacity 161823K, committed 165504K, reserved 1193984K
  class space    used 18888K, capacity 20792K, committed 21888K, reserved 1048576K
}
Event: 18612.552 GC heap before
{Heap before GC invocations=203 (full 1):
 garbage-first heap   total 365568K, used 287998K [0x0000000080000000, 0x0000000100000000)
  region size 1024K, 140 young (143360K), 9 survivors (9216K)
 Metaspace       used 156764K, capacity 161833K, committed 165504K, reserved 1193984K
  class space    used 18889K, capacity 20794K, committed 21888K, reserved 1048576K
}
Event: 18612.587 GC heap after
{Heap after GC invocations=204 (full 1):
 garbage-first heap   total 365568K, used 154002K [0x0000000080000000, 0x0000000100000000)
  region size 1024K, 9 young (9216K), 9 survivors (9216K)
 Metaspace       used 156764K, capacity 161833K, committed 165504K, reserved 1193984K
  class space    used 18889K, capacity 20794K, committed 21888K, reserved 1048576K
}
Event: 18613.137 GC heap before
{Heap before GC invocations=204 (full 1):
 garbage-first heap   total 365568K, used 288146K [0x0000000080000000, 0x0000000100000000)
  region size 1024K, 142 young (145408K), 9 survivors (9216K)
 Metaspace       used 156800K, capacity 161900K, committed 165504K, reserved 1193984K
  class space    used 18890K, capacity 20795K, committed 21888K, reserved 1048576K
}
Event: 18613.158 GC heap after
{Heap after GC invocations=205 (full 1):
 garbage-first heap   total 365568K, used 157227K [0x0000000080000000, 0x0000000100000000)
  region size 1024K, 12 young (12288K), 12 survivors (12288K)
 Metaspace       used 156800K, capacity 161900K, committed 165504K, reserved 1193984K
  class space    used 18890K, capacity 20795K, committed 21888K, reserved 1048576K
}
Event: 18613.673 GC heap before
{Heap before GC invocations=206 (full 1):
 garbage-first heap   total 365568K, used 297515K [0x0000000080000000, 0x0000000100000000)
  region size 1024K, 148 young (151552K), 12 survivors (12288K)
 Metaspace       used 156810K, capacity 161901K, committed 165504K, reserved 1193984K
  class space    used 18890K, capacity 20795K, committed 21888K, reserved 1048576K
}
Event: 18613.764 GC heap after
{Heap after GC invocations=207 (full 1):
 garbage-first heap   total 365568K, used 168289K [0x0000000080000000, 0x0000000100000000)
  region size 1024K, 18 young (18432K), 18 survivors (18432K)
 Metaspace       used 156810K, capacity 161901K, committed 165504K, reserved 1193984K
  class space    used 18890K, capacity 20795K, committed 21888K, reserved 1048576K
}
Event: 18614.097 GC heap before
{Heap before GC invocations=207 (full 1):
 garbage-first heap   total 365568K, used 294241K [0x0000000080000000, 0x0000000100000000)
  region size 1024K, 142 young (145408K), 18 survivors (18432K)
 Metaspace       used 156843K, capacity 161914K, committed 165504K, reserved 1193984K
  class space    used 18892K, capacity 20799K, committed 21888K, reserved 1048576K
}
Event: 18614.357 GC heap after
{Heap after GC invocations=208 (full 1):
 garbage-first heap   total 365568K, used 177152K [0x0000000080000000, 0x0000000100000000)
  region size 1024K, 14 young (14336K), 14 survivors (14336K)
 Metaspace       used 156843K, capacity 161914K, committed 165504K, reserved 1193984K
  class space    used 18892K, capacity 20799K, committed 21888K, reserved 1048576K
}
Event: 18614.944 GC heap before
{Heap before GC invocations=209 (full 1):
 garbage-first heap   total 365568K, used 294912K [0x0000000080000000, 0x0000000100000000)
  region size 1024K, 130 young (133120K), 14 survivors (14336K)
 Metaspace       used 156854K, capacity 161920K, committed 165504K, reserved 1193984K
  class space    used 18893K, capacity 20800K, committed 21888K, reserved 1048576K
}
Event: 18614.993 GC heap after
{Heap after GC invocations=210 (full 1):
 garbage-first heap   total 365568K, used 182515K [0x0000000080000000, 0x0000000100000000)
  region size 1024K, 8 young (8192K), 8 survivors (8192K)
 Metaspace       used 156854K, capacity 161920K, committed 165504K, reserved 1193984K
  class space    used 18893K, capacity 20800K, committed 21888K, reserved 1048576K
}
Event: 18615.263 GC heap before
{Heap before GC invocations=210 (full 1):
 garbage-first heap   total 365568K, used 298227K [0x0000000080000000, 0x0000000100000000)
  region size 1024K, 121 young (123904K), 8 survivors (8192K)
 Metaspace       used 156876K, capacity 161996K, committed 165504K, reserved 1193984K
  class space    used 18895K, capacity 20804K, committed 21888K, reserved 1048576K
}
Event: 18615.283 GC heap after
{Heap after GC invocations=211 (full 1):
 garbage-first heap   total 365568K, used 188288K [0x0000000080000000, 0x0000000100000000)
  region size 1024K, 14 young (14336K), 14 survivors (14336K)
 Metaspace       used 156876K, capacity 161996K, committed 165504K, reserved 1193984K
  class space    used 18895K, capacity 20804K, committed 21888K, reserved 1048576K
}
Event: 18615.660 GC heap before
{Heap before GC invocations=211 (full 1):
 garbage-first heap   total 365568K, used 299904K [0x0000000080000000, 0x0000000100000000)
  region size 1024K, 123 young (125952K), 14 survivors (14336K)
 Metaspace       used 156883K, capacity 161999K, committed 165504K, reserved 1193984K
  class space    used 18895K, capacity 20805K, committed 21888K, reserved 1048576K
}
Event: 18615.689 GC heap after
{Heap after GC invocations=212 (full 1):
 garbage-first heap   total 365568K, used 189682K [0x0000000080000000, 0x0000000100000000)
  region size 1024K, 9 young (9216K), 9 survivors (9216K)
 Metaspace       used 156883K, capacity 161999K, committed 165504K, reserved 1193984K
  class space    used 18895K, capacity 20805K, committed 21888K, reserved 1048576K
}
Event: 18615.931 GC heap before
{Heap before GC invocations=213 (full 1):
 garbage-first heap   total 365568K, used 302322K [0x0000000080000000, 0x0000000100000000)
  region size 1024K, 120 young (122880K), 9 survivors (9216K)
 Metaspace       used 156896K, capacity 162000K, committed 165504K, reserved 1193984K
  class space    used 18895K, capacity 20805K, committed 21888K, reserved 1048576K
}

